have_header: checking for dynamixel.h... -------------------- yes

"gcc -o conftest -Ic:/Ruby193/include/ruby-1.9.1/i386-mingw32 -Ic:/Ruby193/include/ruby-1.9.1/ruby/backward -Ic:/Ruby193/include/ruby-1.9.1 -I. -I./include     -O3 -g -Wextra -Wno-unused-parameter -Wno-parentheses -Wno-long-long -Wno-missing-field-initializers -Wpointer-arith -Wwrite-strings -Wdeclaration-after-statement -Wimplicit-function-declaration conftest.c  -L. -Lc:/Ruby193/lib -L./lib -L.      -lmsvcrt-ruby191  -lshell32 -lws2_32 -limagehlp  "
checked program was:
/* begin */
1: #include "ruby.h"
2: 
3: #include <winsock2.h>
4: #include <windows.h>
5: int main() {return 0;}
/* end */

"gcc -E -Ic:/Ruby193/include/ruby-1.9.1/i386-mingw32 -Ic:/Ruby193/include/ruby-1.9.1/ruby/backward -Ic:/Ruby193/include/ruby-1.9.1 -I. -I./include     -O3 -g -Wextra -Wno-unused-parameter -Wno-parentheses -Wno-long-long -Wno-missing-field-initializers -Wpointer-arith -Wwrite-strings -Wdeclaration-after-statement -Wimplicit-function-declaration  conftest.c -o conftest.i"
checked program was:
/* begin */
1: #include "ruby.h"
2: 
3: #include <winsock2.h>
4: #include <windows.h>
5: #include <dynamixel.h>
/* end */

--------------------

have_library: checking for main() in -ldynamixel... -------------------- yes

"gcc -o conftest -Ic:/Ruby193/include/ruby-1.9.1/i386-mingw32 -Ic:/Ruby193/include/ruby-1.9.1/ruby/backward -Ic:/Ruby193/include/ruby-1.9.1 -I. -I./include     -O3 -g -Wextra -Wno-unused-parameter -Wno-parentheses -Wno-long-long -Wno-missing-field-initializers -Wpointer-arith -Wwrite-strings -Wdeclaration-after-statement -Wimplicit-function-declaration conftest.c  -L. -Lc:/Ruby193/lib -L./lib -L.      -lmsvcrt-ruby191 -ldynamixel  -lshell32 -lws2_32 -limagehlp  "
checked program was:
/* begin */
1: #include "ruby.h"
2: 
3: #include <winsock2.h>
4: #include <windows.h>
5: 
6: /*top*/
7: int main() {return 0;}
8: int t() { void ((*volatile p)()); p = (void ((*)()))main; return 0; }
/* end */

--------------------

